# JRE version: OpenJDK Runtime Environment (21.0.8) (build 21.0.8+-14018985-b1038.68)
# Java VM: OpenJDK 64-Bit Server VM (21.0.8+-14018985-b1038.68, mixed mode, tiered, compressed oops, compressed class ptrs, g1 gc, windows-amd64)
GC Precious Log:
 CardTable entry size: 512
 Card Set container configuration: InlinePtr #cards 5 size 8 Array Of Cards #cards 12 size 40 Howl #buckets 4 coarsen threshold 1843 Howl Bitmap #cards 512 size 80 coarsen threshold 460 Card regions per heap region 1 cards per card region 2048
 CPUs: 20 total, 20 available
 Memory: 16088M
 Large Page Support: Disabled
 NUMA Support: Disabled
 Compressed Oops: Enabled (32-bit)
 Heap Region Size: 1M
 Heap Min Capacity: 8M
 Heap Initial Capacity: 252M
 Heap Max Capacity: 2G
 Pre-touch: Disabled
 Parallel Workers: 15
 Concurrent Workers: 4
 Concurrent Refinement Workers: 15
 Periodic GC: Disabled
Heap:
 garbage-first heap   total 220160K, used 135917K [0x0000000080000000, 0x0000000100000000)
  region size 1024K, 7 young (7168K), 7 survivors (7168K)
 Metaspace       used 122472K, committed 124672K, reserved 1179648K
  class space    used 16954K, committed 18048K, reserved 1048576K
GC Heap History (20 events):
Event: 6.256 GC heap after
{Heap after GC invocations=27 (full 0):
 garbage-first heap   total 182272K, used 90413K [0x0000000080000000, 0x0000000100000000)
  region size 1024K, 9 young (9216K), 9 survivors (9216K)
 Metaspace       used 91833K, committed 93760K, reserved 1179648K
  class space    used 12586K, committed 13504K, reserved 1048576K
}
Event: 6.687 GC heap before
{Heap before GC invocations=27 (full 0):
 garbage-first heap   total 182272K, used 166189K [0x0000000080000000, 0x0000000100000000)
  region size 1024K, 79 young (80896K), 9 survivors (9216K)
 Metaspace       used 96892K, committed 98816K, reserved 1179648K
  class space    used 13259K, committed 14208K, reserved 1048576K
}
Event: 6.691 GC heap after
{Heap after GC invocations=28 (full 0):
 garbage-first heap   total 184320K, used 99737K [0x0000000080000000, 0x0000000100000000)
  region size 1024K, 10 young (10240K), 10 survivors (10240K)
 Metaspace       used 96892K, committed 98816K, reserved 1179648K
  class space    used 13259K, committed 14208K, reserved 1048576K
}
Event: 7.053 GC heap before
{Heap before GC invocations=28 (full 0):
 garbage-first heap   total 184320K, used 164249K [0x0000000080000000, 0x0000000100000000)
  region size 1024K, 73 young (74752K), 10 survivors (10240K)
 Metaspace       used 100636K, committed 102592K, reserved 1179648K
  class space    used 13772K, committed 14720K, reserved 1048576K
}
Event: 7.057 GC heap after
{Heap after GC invocations=29 (full 0):
 garbage-first heap   total 184320K, used 103590K [0x0000000080000000, 0x0000000100000000)
  region size 1024K, 6 young (6144K), 6 survivors (6144K)
 Metaspace       used 100636K, committed 102592K, reserved 1179648K
  class space    used 13772K, committed 14720K, reserved 1048576K
}
Event: 7.514 GC heap before
{Heap before GC invocations=30 (full 0):
 garbage-first heap   total 184320K, used 169126K [0x0000000080000000, 0x0000000100000000)
  region size 1024K, 69 young (70656K), 6 survivors (6144K)
 Metaspace       used 105781K, committed 107776K, reserved 1179648K
  class space    used 14661K, committed 15616K, reserved 1048576K
}
Event: 7.517 GC heap after
{Heap after GC invocations=31 (full 0):
 garbage-first heap   total 184320K, used 105205K [0x0000000080000000, 0x0000000100000000)
  region size 1024K, 8 young (8192K), 8 survivors (8192K)
 Metaspace       used 105781K, committed 107776K, reserved 1179648K
  class space    used 14661K, committed 15616K, reserved 1048576K
}
Event: 7.882 GC heap before
{Heap before GC invocations=31 (full 0):
 garbage-first heap   total 184320K, used 165621K [0x0000000080000000, 0x0000000100000000)
  region size 1024K, 67 young (68608K), 8 survivors (8192K)
 Metaspace       used 110224K, committed 112320K, reserved 1179648K
  class space    used 15327K, committed 16320K, reserved 1048576K
}
Event: 7.886 GC heap after
{Heap after GC invocations=32 (full 0):
 garbage-first heap   total 184320K, used 107438K [0x0000000080000000, 0x0000000100000000)
  region size 1024K, 7 young (7168K), 7 survivors (7168K)
 Metaspace       used 110224K, committed 112320K, reserved 1179648K
  class space    used 15327K, committed 16320K, reserved 1048576K
}
Event: 8.263 GC heap before
{Heap before GC invocations=32 (full 0):
 garbage-first heap   total 184320K, used 166830K [0x0000000080000000, 0x0000000100000000)
  region size 1024K, 65 young (66560K), 7 survivors (7168K)
 Metaspace       used 115614K, committed 117696K, reserved 1179648K
  class space    used 16092K, committed 17088K, reserved 1048576K
}
Event: 8.267 GC heap after
{Heap after GC invocations=33 (full 0):
 garbage-first heap   total 184320K, used 110659K [0x0000000080000000, 0x0000000100000000)
  region size 1024K, 7 young (7168K), 7 survivors (7168K)
 Metaspace       used 115614K, committed 117696K, reserved 1179648K
  class space    used 16092K, committed 17088K, reserved 1048576K
}
Event: 8.568 GC heap before
{Heap before GC invocations=34 (full 0):
 garbage-first heap   total 186368K, used 165955K [0x0000000080000000, 0x0000000100000000)
  region size 1024K, 61 young (62464K), 7 survivors (7168K)
 Metaspace       used 117291K, committed 119424K, reserved 1179648K
  class space    used 16369K, committed 17408K, reserved 1048576K
}
Event: 8.572 GC heap after
{Heap after GC invocations=35 (full 0):
 garbage-first heap   total 186368K, used 116374K [0x0000000080000000, 0x0000000100000000)
  region size 1024K, 8 young (8192K), 8 survivors (8192K)
 Metaspace       used 117291K, committed 119424K, reserved 1179648K
  class space    used 16369K, committed 17408K, reserved 1048576K
}
Event: 8.820 GC heap before
{Heap before GC invocations=35 (full 0):
 garbage-first heap   total 186368K, used 171670K [0x0000000080000000, 0x0000000100000000)
  region size 1024K, 58 young (59392K), 8 survivors (8192K)
 Metaspace       used 119579K, committed 121664K, reserved 1179648K
  class space    used 16501K, committed 17536K, reserved 1048576K
}
Event: 8.825 GC heap after
{Heap after GC invocations=36 (full 0):
 garbage-first heap   total 192512K, used 124140K [0x0000000080000000, 0x0000000100000000)
  region size 1024K, 8 young (8192K), 8 survivors (8192K)
 Metaspace       used 119579K, committed 121664K, reserved 1179648K
  class space    used 16501K, committed 17536K, reserved 1048576K
}
Event: 9.256 GC heap before
{Heap before GC invocations=36 (full 0):
 garbage-first heap   total 192512K, used 173292K [0x0000000080000000, 0x0000000100000000)
  region size 1024K, 56 young (57344K), 8 survivors (8192K)
 Metaspace       used 122173K, committed 124288K, reserved 1179648K
  class space    used 16893K, committed 17920K, reserved 1048576K
}
Event: 9.260 GC heap after
{Heap after GC invocations=37 (full 0):
 garbage-first heap   total 192512K, used 131931K [0x0000000080000000, 0x0000000100000000)
  region size 1024K, 7 young (7168K), 7 survivors (7168K)
 Metaspace       used 122173K, committed 124288K, reserved 1179648K
  class space    used 16893K, committed 17920K, reserved 1048576K
}
Event: 9.330 GC heap before
{Heap before GC invocations=38 (full 0):
 garbage-first heap   total 220160K, used 171867K [0x0000000080000000, 0x0000000100000000)
  region size 1024K, 47 young (48128K), 7 survivors (7168K)
 Metaspace       used 122182K, committed 124288K, reserved 1179648K
  class space    used 16893K, committed 17920K, reserved 1048576K
}
Event: 9.333 GC heap after
{Heap after GC invocations=39 (full 0):
 garbage-first heap   total 220160K, used 135272K [0x0000000080000000, 0x0000000100000000)
  region size 1024K, 4 young (4096K), 4 survivors (4096K)
 Metaspace       used 122182K, committed 124288K, reserved 1179648K
  class space    used 16893K, committed 17920K, reserved 1048576K
}
Event: 9.484 GC heap before
{Heap before GC invocations=39 (full 0):
 garbage-first heap   total 220160K, used 198760K [0x0000000080000000, 0x0000000100000000)
  region size 1024K, 67 young (68608K), 4 survivors (4096K)
 Metaspace       used 122472K, committed 124672K, reserved 1179648K
  class space    used 16954K, committed 18048K, reserved 1048576K
}

